<?xml version="1.0" encoding="UTF-8"?>
<!-- Generated by org.testng.reporters.JUnitXMLReporter -->
<testsuite ignored="0" hostname="Umair-Boota-3520" failures="0" tests="3" name="Default test" time="51.892" errors="0" timestamp="2024-02-25T21:52:47 PKT">
  <testcase classname="com.qa.tests.TaskFourTests" name="pageTitleNameTest" time="0.013"/>
  <testcase classname="com.qa.tests.TaskFourTests" name="scenario_one" time="8.848"/>
  <testcase classname="com.qa.tests.TaskFourTests" name="scenario_two" time="24.189"/>
</testsuite> <!-- Default test -->
