<?xml version="1.0" encoding="UTF-8"?>
<!-- Generated by org.testng.reporters.JUnitXMLReporter -->
<testsuite ignored="0" hostname="Umair-Boota-3520" failures="0" tests="3" name="Test" time="21.518" errors="0" timestamp="2024-02-25T22:55:53 PKT">
  <testcase classname="com.qa.tests.TaskFourTests" name="pageTitleNameTest" time="0.026"/>
  <testcase classname="com.qa.tests.TaskFourTests" name="scenario_one" time="6.175"/>
  <testcase classname="com.qa.tests.TaskFourTests" name="scenario_two" time="9.263"/>
</testsuite> <!-- Test -->
